<?xml version="1.0" encoding="UTF-8"?>
<!-- Generated by org.testng.reporters.JUnitReportReporter -->
<testsuite hostname="Roushan" failures="0" tests="4" name="Selenium.test.submitOrderTest" time="23.597" errors="0" timestamp="2025-01-09T02:36:29 IST" skipped="0">
  <testcase classname="Selenium.test.submitOrderTest" name="varifyOrderDisplay" time="4.492"/>
  <testcase classname="Selenium.test.submitOrderTest" name="SubmitOrder" time="7.175"/>
  <testcase classname="Selenium.test.submitOrderTest" name="varifyOrderDisplay" time="4.766"/>
  <testcase classname="Selenium.test.submitOrderTest" name="SubmitOrder" time="7.164"/>
</testsuite> <!-- Selenium.test.submitOrderTest -->
