<?xml version="1.0" encoding="UTF-8"?>
<!-- Generated by org.testng.reporters.JUnitReportReporter -->
<testsuite hostname="DELL" failures="0" tests="4" name="Selenium.test.submitOrderTest" time="30.107" errors="0" timestamp="2025-07-28T16:26:04 IST" skipped="0">
  <testcase classname="Selenium.test.submitOrderTest" name="SubmitOrder" time="10.168"/>
  <testcase classname="Selenium.test.submitOrderTest" name="varifyOrderDisplay" time="5.038"/>
  <testcase classname="Selenium.test.submitOrderTest" name="SubmitOrder" time="8.894"/>
  <testcase classname="Selenium.test.submitOrderTest" name="varifyOrderDisplay" time="6.007"/>
</testsuite> <!-- Selenium.test.submitOrderTest -->
